Added Component: Designator=J1(16pin-MF-Connector)
Added Component: Designator=J2(16pin-MF-Connector)
Added Pin To Net: NetName=MPU6050_I2C0 Pin=J1-1
Added Pin To Net: NetName=MPU6050_I2C1 Pin=J1-2
Added Pin To Net: NetName=GND Pin=J1-4
Added Pin To Net: NetName=BME280_SPI3 Pin=J1-8
Added Pin To Net: NetName=BME280_SPI2 Pin=J1-14
Added Pin To Net: NetName=BME280_SPI1 Pin=J1-15
Added Pin To Net: NetName=GND Pin=J2-2
Added Pin To Net: NetName=5V Pin=J2-4
Added Pin To Net: NetName=SD_SPI3 Pin=J2-7
Added Pin To Net: NetName=SD_SPI2 Pin=J2-8
Added Pin To Net: NetName=SD_SPI1 Pin=J2-9
Added Pin To Net: NetName=SD_SPI0 Pin=J2-11
Added Pin To Net: NetName=3V3 Pin=J2-14
Added Pin To Net: NetName=BME280_SPI0 Pin=J2-15
Added Pin To Net: NetName=CN3_3 Pin=J1-3
Added Pin To Net: NetName=CN3_3 Pin=U1-CN3_3
Added Net: Name=CN3_3
Added Pin To Net: NetName=CN3_5 Pin=J1-5
Added Pin To Net: NetName=CN3_5 Pin=U1-CN3_5
Added Net: Name=CN3_5
Added Pin To Net: NetName=CN3_6 Pin=J1-6
Added Pin To Net: NetName=CN3_6 Pin=U1-CN3_6
Added Net: Name=CN3_6
Added Pin To Net: NetName=CN3_7 Pin=J1-7
Added Pin To Net: NetName=CN3_7 Pin=U1-CN3_7
Added Net: Name=CN3_7
Added Pin To Net: NetName=CN3_9 Pin=J1-9
Added Pin To Net: NetName=CN3_9 Pin=U1-CN3_9
Added Net: Name=CN3_9
Added Pin To Net: NetName=CN3_10 Pin=J1-10
Added Pin To Net: NetName=CN3_10 Pin=U1-CN3_10
Added Net: Name=CN3_10
Added Pin To Net: NetName=CN3_11 Pin=J1-11
Added Pin To Net: NetName=CN3_11 Pin=U1-CN3_11
Added Net: Name=CN3_11
Added Pin To Net: NetName=CN3_12 Pin=J1-12
Added Pin To Net: NetName=CN3_12 Pin=U1-CN3_12
Added Net: Name=CN3_12
Added Pin To Net: NetName=CN3_13 Pin=J1-13
Added Pin To Net: NetName=CN3_13 Pin=U1-CN3_13
Added Net: Name=CN3_13
Added Pin To Net: NetName=CN4_1 Pin=J2-1
Added Pin To Net: NetName=CN4_1 Pin=U1-CN4_1
Added Net: Name=CN4_1
Added Pin To Net: NetName=CN4_3 Pin=J2-3
Added Pin To Net: NetName=CN4_3 Pin=U1-CN4_3
Added Net: Name=CN4_3
Added Pin To Net: NetName=CN4_5 Pin=J2-5
Added Pin To Net: NetName=CN4_5 Pin=U1-CN4_5
Added Net: Name=CN4_5
Added Pin To Net: NetName=CN4_6 Pin=J2-6
Added Pin To Net: NetName=CN4_6 Pin=U1-CN4_6
Added Net: Name=CN4_6
Added Pin To Net: NetName=CN4_10 Pin=J2-10
Added Pin To Net: NetName=CN4_10 Pin=U1-CN4_10
Added Net: Name=CN4_10
Added Pin To Net: NetName=CN4_12 Pin=J2-12
Added Pin To Net: NetName=CN4_12 Pin=U1-CN4_12
Added Net: Name=CN4_12
Added Pin To Net: NetName=CN4_13 Pin=J2-13
Added Pin To Net: NetName=CN4_13 Pin=U1-CN4_13
Added Net: Name=CN4_13
Added Member To Class: ClassName=STM32 Member=Component J1 16pin-MF-Connector
Added Member To Class: ClassName=STM32 Member=Component J2 16pin-MF-Connector
Added Room: Name=Power
Added Room: Name=SD
Added Room: Name=Sensors
