Added Component: Designator=U1(STM32L432KC)
Added Component: Designator=U2(BME280)
Added Component: Designator=U3(MPU6050)
Added Component: Designator=U4(ZC343900)
Added Pin To Net: NetName=5V Pin=U1-CN4_4
Added Pin To Net: NetName=5V Pin=U2-1
Added Pin To Net: NetName=5V Pin=U3-1
Added Pin To Net: NetName=5V Pin=U4-2
Added Net: Name=5V
Added Pin To Net: NetName=BME280_SPI0 Pin=U1-CN4_15
Added Pin To Net: NetName=BME280_SPI0 Pin=U2-4
Added Net: Name=BME280_SPI0
Added Pin To Net: NetName=BME280_SPI1 Pin=U1-CN3_15
Added Pin To Net: NetName=BME280_SPI1 Pin=U2-5
Added Net: Name=BME280_SPI1
Added Pin To Net: NetName=BME280_SPI2 Pin=U1-CN3_14
Added Pin To Net: NetName=BME280_SPI2 Pin=U2-6
Added Net: Name=BME280_SPI2
Added Pin To Net: NetName=BME280_SPI3 Pin=U1-CN3_8
Added Pin To Net: NetName=BME280_SPI3 Pin=U2-7
Added Net: Name=BME280_SPI3
Added Pin To Net: NetName=GND Pin=U1-CN3_4
Added Pin To Net: NetName=GND Pin=U1-CN4_2
Added Pin To Net: NetName=GND Pin=U2-3
Added Pin To Net: NetName=GND Pin=U3-2
Added Pin To Net: NetName=GND Pin=U4-1
Added Net: Name=GND
Added Pin To Net: NetName=MPU6050_I2C0 Pin=U1-CN3_1
Added Pin To Net: NetName=MPU6050_I2C0 Pin=U3-3
Added Net: Name=MPU6050_I2C0
Added Pin To Net: NetName=MPU6050_I2C1 Pin=U1-CN3_2
Added Pin To Net: NetName=MPU6050_I2C1 Pin=U3-4
Added Net: Name=MPU6050_I2C1
Added Pin To Net: NetName=SD_SPI0 Pin=U1-CN3_9
Added Pin To Net: NetName=SD_SPI0 Pin=U4-6
Added Net: Name=SD_SPI0
Added Pin To Net: NetName=SD_SPI1 Pin=U1-CN4_9
Added Pin To Net: NetName=SD_SPI1 Pin=U4-5
Added Net: Name=SD_SPI1
Added Pin To Net: NetName=SD_SPI2 Pin=U1-CN4_8
Added Pin To Net: NetName=SD_SPI2 Pin=U4-3
Added Net: Name=SD_SPI2
Added Pin To Net: NetName=SD_SPI3 Pin=U1-CN4_7
Added Pin To Net: NetName=SD_SPI3 Pin=U4-4
Added Net: Name=SD_SPI3
Added Class: Name=SD
Added Class: Name=Sensors
Added Class: Name=STM32
Added Class: Name=BME280_SPI[3..0]
Added Class: Name=MPU6050_I2C[1..0]
Added Class: Name=SD_SPI[3..0]
Added Room: Name=SD
Added Room: Name=Sensors
Added Room: Name=STM32
